2025-09-26 21:42:27.922 [info] [main] Log level: Info
2025-09-26 21:42:27.922 [info] [main] Validating found git in: "git"
2025-09-26 21:42:27.922 [info] [main] Using git "2.39.5" from "git"
2025-09-26 21:42:27.922 [info] [Model][doInitialScan] Initial repository scan started
2025-09-26 21:42:27.925 [info] > git rev-parse --show-toplevel [7ms]
2025-09-26 21:42:27.925 [info] fatal: not a git repository (or any of the parent directories): .git
2025-09-26 21:42:27.939 [info] > git rev-parse --show-toplevel [5ms]
2025-09-26 21:42:27.939 [info] fatal: not a git repository (or any of the parent directories): .git
2025-09-26 21:42:28.023 [info] > git rev-parse --show-toplevel [3ms]
2025-09-26 21:42:28.023 [info] fatal: not a git repository (or any of the parent directories): .git
2025-09-26 21:42:28.031 [info] > git rev-parse --show-toplevel [2ms]
2025-09-26 21:42:28.031 [info] fatal: not a git repository (or any of the parent directories): .git
2025-09-26 21:42:28.038 [info] > git rev-parse --show-toplevel [1ms]
2025-09-26 21:42:28.038 [info] fatal: not a git repository (or any of the parent directories): .git
2025-09-26 21:42:28.044 [info] > git rev-parse --show-toplevel [1ms]
2025-09-26 21:42:28.045 [info] fatal: not a git repository (or any of the parent directories): .git
2025-09-26 21:42:28.052 [info] > git rev-parse --show-toplevel [2ms]
2025-09-26 21:42:28.052 [info] fatal: not a git repository (or any of the parent directories): .git
2025-09-26 21:42:28.060 [info] > git rev-parse --show-toplevel [3ms]
2025-09-26 21:42:28.060 [info] fatal: not a git repository (or any of the parent directories): .git
2025-09-26 21:42:28.142 [info] > git rev-parse --show-toplevel [76ms]
2025-09-26 21:42:28.142 [info] fatal: not a git repository (or any of the parent directories): .git
2025-09-26 21:42:28.201 [info] > git rev-parse --show-toplevel [2ms]
2025-09-26 21:42:28.202 [info] fatal: not a git repository (or any of the parent directories): .git
2025-09-26 21:42:28.210 [info] > git rev-parse --show-toplevel [2ms]
2025-09-26 21:42:28.210 [info] fatal: not a git repository (or any of the parent directories): .git
2025-09-26 21:42:28.220 [info] > git rev-parse --show-toplevel [3ms]
2025-09-26 21:42:28.220 [info] fatal: not a git repository (or any of the parent directories): .git
2025-09-26 21:42:28.228 [info] > git rev-parse --show-toplevel [3ms]
2025-09-26 21:42:28.228 [info] fatal: not a git repository (or any of the parent directories): .git
2025-09-26 21:42:28.237 [info] > git rev-parse --show-toplevel [3ms]
2025-09-26 21:42:28.237 [info] fatal: not a git repository (or any of the parent directories): .git
2025-09-26 21:42:28.246 [info] > git rev-parse --show-toplevel [2ms]
2025-09-26 21:42:28.246 [info] fatal: not a git repository (or any of the parent directories): .git
2025-09-26 21:42:28.255 [info] > git rev-parse --show-toplevel [3ms]
2025-09-26 21:42:28.255 [info] fatal: not a git repository (or any of the parent directories): .git
2025-09-26 21:42:28.263 [info] > git rev-parse --show-toplevel [2ms]
2025-09-26 21:42:28.263 [info] fatal: not a git repository (or any of the parent directories): .git
2025-09-26 21:42:28.270 [info] > git rev-parse --show-toplevel [2ms]
2025-09-26 21:42:28.270 [info] fatal: not a git repository (or any of the parent directories): .git
2025-09-26 21:42:28.283 [info] > git rev-parse --show-toplevel [9ms]
2025-09-26 21:42:28.284 [info] fatal: not a git repository (or any of the parent directories): .git
2025-09-26 21:42:28.291 [info] > git rev-parse --show-toplevel [2ms]
2025-09-26 21:42:28.291 [info] fatal: not a git repository (or any of the parent directories): .git
2025-09-26 21:42:28.298 [info] > git rev-parse --show-toplevel [2ms]
2025-09-26 21:42:28.298 [info] fatal: not a git repository (or any of the parent directories): .git
2025-09-26 21:42:28.305 [info] > git rev-parse --show-toplevel [2ms]
2025-09-26 21:42:28.305 [info] fatal: not a git repository (or any of the parent directories): .git
2025-09-26 21:42:28.312 [info] > git rev-parse --show-toplevel [2ms]
2025-09-26 21:42:28.312 [info] fatal: not a git repository (or any of the parent directories): .git
2025-09-26 21:42:28.319 [info] > git rev-parse --show-toplevel [2ms]
2025-09-26 21:42:28.319 [info] fatal: not a git repository (or any of the parent directories): .git
2025-09-26 21:42:28.325 [info] > git rev-parse --show-toplevel [1ms]
2025-09-26 21:42:28.326 [info] fatal: not a git repository (or any of the parent directories): .git
2025-09-26 21:42:28.334 [info] > git rev-parse --show-toplevel [2ms]
2025-09-26 21:42:28.334 [info] fatal: not a git repository (or any of the parent directories): .git
2025-09-26 21:42:28.342 [info] > git rev-parse --show-toplevel [2ms]
2025-09-26 21:42:28.342 [info] fatal: not a git repository (or any of the parent directories): .git
2025-09-26 21:42:28.349 [info] > git rev-parse --show-toplevel [2ms]
2025-09-26 21:42:28.349 [info] fatal: not a git repository (or any of the parent directories): .git
2025-09-26 21:42:28.357 [info] > git rev-parse --show-toplevel [2ms]
2025-09-26 21:42:28.357 [info] fatal: not a git repository (or any of the parent directories): .git
2025-09-26 21:42:28.363 [info] > git rev-parse --show-toplevel [1ms]
2025-09-26 21:42:28.363 [info] fatal: not a git repository (or any of the parent directories): .git
2025-09-26 21:42:28.369 [info] > git rev-parse --show-toplevel [1ms]
2025-09-26 21:42:28.369 [info] fatal: not a git repository (or any of the parent directories): .git
2025-09-26 21:42:28.373 [info] [Model][doInitialScan] Initial repository scan completed - repositories (0), closed repositories (0), parent repositories (0), unsafe repositories (0)
2025-09-26 21:42:28.379 [info] > git rev-parse --show-toplevel [2ms]
2025-09-26 21:42:28.379 [info] fatal: not a git repository (or any of the parent directories): .git
2025-09-26 21:42:29.234 [info] > git rev-parse --show-toplevel [2ms]
2025-09-26 21:42:29.234 [info] fatal: not a git repository (or any of the parent directories): .git
2025-09-26 21:42:29.388 [info] > git rev-parse --show-toplevel [5ms]
2025-09-26 21:42:29.388 [info] fatal: not a git repository (or any of the parent directories): .git
