2025-09-26 22:34:19.038 [info] Getting Manifest... whizkydee.material-palenight-theme
2025-09-26 22:34:19.154 [info] Installing extension: whizkydee.material-palenight-theme {"isMachineScoped":false,"installPreReleaseVersion":false,"pinned":false,"profileLocation":{"$mid":1,"external":"vscode-userdata:/home/sayi/.vscode/extensions/extensions.json","path":"/home/sayi/.vscode/extensions/extensions.json","scheme":"vscode-userdata"},"isApplicationScoped":false,"productVersion":{"version":"1.104.2","date":"2025-09-24T11:21:37.073Z"}}
2025-09-26 22:34:23.743 [info] Extension signature verification result for whizkydee.material-palenight-theme: Success. Internal Code: 0. Executed: true. Duration: 3448ms.
2025-09-26 22:34:23.792 [info] Extracted extension to file:///home/sayi/.vscode/extensions/whizkydee.material-palenight-theme-2.0.4: whizkydee.material-palenight-theme
2025-09-26 22:34:23.801 [info] Renamed to /home/sayi/.vscode/extensions/whizkydee.material-palenight-theme-2.0.4
2025-09-26 22:34:24.077 [info] Extension installed successfully: whizkydee.material-palenight-theme vscode-userdata:/home/sayi/.vscode/extensions/extensions.json
2025-09-26 22:36:34.845 [info] Getting Manifest... ritwickdey.liveserver
2025-09-26 22:36:34.917 [info] Installing extension: ritwickdey.liveserver {"isMachineScoped":false,"installPreReleaseVersion":false,"pinned":false,"profileLocation":{"$mid":1,"external":"vscode-userdata:/home/sayi/.vscode/extensions/extensions.json","path":"/home/sayi/.vscode/extensions/extensions.json","scheme":"vscode-userdata"},"isApplicationScoped":false,"productVersion":{"version":"1.104.2","date":"2025-09-24T11:21:37.073Z"}}
2025-09-26 22:36:39.938 [info] Extension signature verification result for ritwickdey.liveserver: Success. Internal Code: 0. Executed: true. Duration: 3428ms.
2025-09-26 22:36:45.658 [info] Extracted extension to file:///home/sayi/.vscode/extensions/ritwickdey.liveserver-5.7.9: ritwickdey.liveserver
2025-09-26 22:36:47.028 [info] Renamed to /home/sayi/.vscode/extensions/ritwickdey.liveserver-5.7.9
2025-09-26 22:36:47.068 [info] Extension installed successfully: ritwickdey.liveserver vscode-userdata:/home/sayi/.vscode/extensions/extensions.json
2025-09-26 22:36:52.887 [info] Getting Manifest... esbenp.prettier-vscode
2025-09-26 22:36:53.047 [info] Installing extension: esbenp.prettier-vscode {"isMachineScoped":false,"installPreReleaseVersion":false,"pinned":false,"profileLocation":{"$mid":1,"external":"vscode-userdata:/home/sayi/.vscode/extensions/extensions.json","path":"/home/sayi/.vscode/extensions/extensions.json","scheme":"vscode-userdata"},"isApplicationScoped":false,"productVersion":{"version":"1.104.2","date":"2025-09-24T11:21:37.073Z"}}
2025-09-26 22:36:57.900 [info] Extension signature verification result for esbenp.prettier-vscode: Success. Internal Code: 0. Executed: true. Duration: 3099ms.
2025-09-26 22:36:58.069 [info] Extracted extension to file:///home/sayi/.vscode/extensions/esbenp.prettier-vscode-11.0.0: esbenp.prettier-vscode
2025-09-26 22:36:58.486 [info] Renamed to /home/sayi/.vscode/extensions/esbenp.prettier-vscode-11.0.0
2025-09-26 22:37:00.666 [info] Extension installed successfully: esbenp.prettier-vscode vscode-userdata:/home/sayi/.vscode/extensions/extensions.json
2025-09-26 22:37:14.020 [info] Getting Manifest... formulahendry.code-runner
2025-09-26 22:37:14.141 [info] Installing extension: formulahendry.code-runner {"isMachineScoped":false,"installPreReleaseVersion":false,"pinned":false,"profileLocation":{"$mid":1,"external":"vscode-userdata:/home/sayi/.vscode/extensions/extensions.json","path":"/home/sayi/.vscode/extensions/extensions.json","scheme":"vscode-userdata"},"isApplicationScoped":false,"productVersion":{"version":"1.104.2","date":"2025-09-24T11:21:37.073Z"}}
2025-09-26 22:37:17.553 [info] Extension signature verification result for formulahendry.code-runner: Success. Internal Code: 0. Executed: true. Duration: 2393ms.
2025-09-26 22:37:17.718 [info] Extracted extension to file:///home/sayi/.vscode/extensions/formulahendry.code-runner-0.12.2: formulahendry.code-runner
2025-09-26 22:37:17.744 [info] Renamed to /home/sayi/.vscode/extensions/formulahendry.code-runner-0.12.2
2025-09-26 22:37:17.782 [info] Extension installed successfully: formulahendry.code-runner vscode-userdata:/home/sayi/.vscode/extensions/extensions.json
2025-09-26 22:37:47.485 [info] Getting Manifest... pkief.material-icon-theme
2025-09-26 22:37:47.557 [info] Installing extension: pkief.material-icon-theme {"isMachineScoped":false,"installPreReleaseVersion":false,"pinned":false,"profileLocation":{"$mid":1,"external":"vscode-userdata:/home/sayi/.vscode/extensions/extensions.json","path":"/home/sayi/.vscode/extensions/extensions.json","scheme":"vscode-userdata"},"isApplicationScoped":false,"productVersion":{"version":"1.104.2","date":"2025-09-24T11:21:37.073Z"}}
2025-09-26 22:37:50.040 [info] Extension signature verification result for pkief.material-icon-theme: Success. Internal Code: 0. Executed: true. Duration: 1779ms.
2025-09-26 22:37:50.885 [info] Extracted extension to file:///home/sayi/.vscode/extensions/pkief.material-icon-theme-5.27.0: pkief.material-icon-theme
2025-09-26 22:37:50.936 [info] Renamed to /home/sayi/.vscode/extensions/pkief.material-icon-theme-5.27.0
2025-09-26 22:37:50.956 [info] Extension installed successfully: pkief.material-icon-theme vscode-userdata:/home/sayi/.vscode/extensions/extensions.json
