2025-09-26 22:30:03.392 [info] [main] Log level: Info
2025-09-26 22:30:03.392 [info] [main] Validating found git in: "git"
2025-09-26 22:30:03.392 [info] [main] Using git "2.39.5" from "git"
2025-09-26 22:30:03.392 [info] [Model][doInitialScan] Initial repository scan started
2025-09-26 22:30:03.392 [info] > git rev-parse --show-toplevel [27ms]
2025-09-26 22:30:03.392 [info] fatal: not a git repository (or any of the parent directories): .git
2025-09-26 22:30:03.392 [info] > git rev-parse --show-toplevel [2ms]
2025-09-26 22:30:03.392 [info] fatal: not a git repository (or any of the parent directories): .git
2025-09-26 22:30:03.392 [info] [Model][doInitialScan] Initial repository scan completed - repositories (0), closed repositories (0), parent repositories (0), unsafe repositories (0)
2025-09-26 22:30:03.392 [info] > git rev-parse --show-toplevel [2ms]
2025-09-26 22:30:03.392 [info] fatal: not a git repository (or any of the parent directories): .git
2025-09-26 22:30:03.662 [info] > git rev-parse --show-toplevel [2ms]
2025-09-26 22:30:03.663 [info] fatal: not a git repository (or any of the parent directories): .git
2025-09-26 22:30:03.758 [info] > git rev-parse --show-toplevel [3ms]
2025-09-26 22:30:03.758 [info] fatal: not a git repository (or any of the parent directories): .git
2025-09-26 22:30:25.150 [info] > git rev-parse --show-toplevel [55ms]
2025-09-26 22:30:25.150 [info] fatal: not a git repository (or any of the parent directories): .git
2025-09-26 22:30:26.813 [info] > git rev-parse --show-toplevel [3ms]
2025-09-26 22:30:26.814 [info] fatal: not a git repository (or any of the parent directories): .git
2025-09-26 22:30:28.944 [info] > git rev-parse --show-toplevel [5ms]
2025-09-26 22:30:28.945 [info] fatal: not a git repository (or any of the parent directories): .git
2025-09-26 22:30:34.099 [info] > git rev-parse --show-toplevel [3ms]
2025-09-26 22:30:34.099 [info] fatal: not a git repository (or any of the parent directories): .git
2025-09-26 22:30:36.458 [info] > git rev-parse --show-toplevel [3ms]
2025-09-26 22:30:36.458 [info] fatal: not a git repository (or any of the parent directories): .git
2025-09-26 22:30:54.469 [info] > git rev-parse --show-toplevel [3ms]
2025-09-26 22:30:54.469 [info] fatal: not a git repository (or any of the parent directories): .git
2025-09-26 22:30:57.842 [info] > git rev-parse --show-toplevel [2ms]
2025-09-26 22:30:57.842 [info] fatal: not a git repository (or any of the parent directories): .git
2025-09-26 22:31:02.281 [info] > git rev-parse --show-toplevel [3ms]
2025-09-26 22:31:02.281 [info] fatal: not a git repository (or any of the parent directories): .git
2025-09-26 22:34:32.170 [info] > git rev-parse --show-toplevel [4ms]
2025-09-26 22:34:32.170 [info] fatal: not a git repository (or any of the parent directories): .git
2025-09-26 22:35:04.167 [info] > git rev-parse --show-toplevel [5ms]
2025-09-26 22:35:04.168 [info] fatal: not a git repository (or any of the parent directories): .git
2025-09-26 22:35:17.548 [info] > git rev-parse --show-toplevel [6ms]
2025-09-26 22:35:17.548 [info] fatal: not a git repository (or any of the parent directories): .git
2025-09-26 22:35:56.617 [info] > git rev-parse --show-toplevel [3ms]
2025-09-26 22:35:56.617 [info] fatal: not a git repository (or any of the parent directories): .git
2025-09-26 22:36:47.220 [info] > git rev-parse --show-toplevel [3ms]
2025-09-26 22:36:47.220 [info] fatal: not a git repository (or any of the parent directories): .git
2025-09-26 22:37:00.947 [info] > git rev-parse --show-toplevel [2ms]
2025-09-26 22:37:00.947 [info] fatal: not a git repository (or any of the parent directories): .git
2025-09-26 22:37:18.032 [info] > git rev-parse --show-toplevel [4ms]
2025-09-26 22:37:18.032 [info] fatal: not a git repository (or any of the parent directories): .git
2025-09-26 22:37:51.035 [info] > git rev-parse --show-toplevel [3ms]
2025-09-26 22:37:51.035 [info] fatal: not a git repository (or any of the parent directories): .git
2025-09-26 22:38:08.754 [info] > git rev-parse --show-toplevel [4ms]
2025-09-26 22:38:08.754 [info] fatal: not a git repository (or any of the parent directories): .git
2025-09-26 22:38:29.340 [info] > git rev-parse --show-toplevel [3ms]
2025-09-26 22:38:29.340 [info] fatal: not a git repository (or any of the parent directories): .git
2025-09-26 22:38:33.784 [info] > git rev-parse --show-toplevel [3ms]
2025-09-26 22:38:33.784 [info] fatal: not a git repository (or any of the parent directories): .git
2025-09-26 22:38:35.698 [info] > git rev-parse --show-toplevel [4ms]
2025-09-26 22:38:35.698 [info] fatal: not a git repository (or any of the parent directories): .git
2025-09-26 22:38:37.560 [info] > git rev-parse --show-toplevel [4ms]
2025-09-26 22:38:37.561 [info] fatal: not a git repository (or any of the parent directories): .git
2025-09-26 22:38:38.830 [info] > git rev-parse --show-toplevel [3ms]
2025-09-26 22:38:38.830 [info] fatal: not a git repository (or any of the parent directories): .git
2025-09-26 22:38:40.847 [info] > git rev-parse --show-toplevel [3ms]
2025-09-26 22:38:40.847 [info] fatal: not a git repository (or any of the parent directories): .git
2025-09-26 22:38:42.930 [info] > git rev-parse --show-toplevel [3ms]
2025-09-26 22:38:42.930 [info] fatal: not a git repository (or any of the parent directories): .git
2025-09-26 22:38:44.320 [info] > git rev-parse --show-toplevel [5ms]
2025-09-26 22:38:44.320 [info] fatal: not a git repository (or any of the parent directories): .git
2025-09-26 22:39:01.491 [info] > git rev-parse --show-toplevel [2ms]
2025-09-26 22:39:01.491 [info] fatal: not a git repository (or any of the parent directories): .git
2025-09-26 22:39:08.364 [info] > git rev-parse --show-toplevel [4ms]
2025-09-26 22:39:08.364 [info] fatal: not a git repository (or any of the parent directories): .git
2025-09-26 22:39:15.438 [info] > git rev-parse --show-toplevel [4ms]
2025-09-26 22:39:15.438 [info] fatal: not a git repository (or any of the parent directories): .git
2025-09-26 22:39:32.487 [info] > git rev-parse --show-toplevel [3ms]
2025-09-26 22:39:32.488 [info] fatal: not a git repository (or any of the parent directories): .git
2025-09-26 22:39:33.416 [info] > git rev-parse --show-toplevel [4ms]
2025-09-26 22:39:33.416 [info] fatal: not a git repository (or any of the parent directories): .git
2025-09-26 22:39:34.656 [info] > git rev-parse --show-toplevel [3ms]
2025-09-26 22:39:34.656 [info] fatal: not a git repository (or any of the parent directories): .git
2025-09-26 22:39:39.825 [info] > git rev-parse --show-toplevel [5ms]
2025-09-26 22:39:39.825 [info] fatal: not a git repository (or any of the parent directories): .git
2025-09-26 22:39:42.014 [info] > git rev-parse --show-toplevel [5ms]
2025-09-26 22:39:42.015 [info] fatal: not a git repository (or any of the parent directories): .git
2025-09-26 22:39:47.298 [info] > git rev-parse --show-toplevel [7ms]
2025-09-26 22:39:47.298 [info] fatal: not a git repository (or any of the parent directories): .git
2025-09-26 22:40:46.160 [info] > git rev-parse --show-toplevel [3ms]
2025-09-26 22:40:46.160 [info] fatal: not a git repository (or any of the parent directories): .git
2025-09-26 22:41:31.218 [info] > git rev-parse --show-toplevel [1ms]
2025-09-26 22:41:31.218 [info] fatal: not a git repository (or any of the parent directories): .git
2025-09-26 22:41:41.807 [info] > git rev-parse --show-toplevel [8ms]
2025-09-26 22:41:41.807 [info] fatal: not a git repository (or any of the parent directories): .git
2025-09-26 22:41:44.871 [info] > git rev-parse --show-toplevel [2ms]
2025-09-26 22:41:44.871 [info] fatal: not a git repository (or any of the parent directories): .git
2025-09-26 22:41:47.477 [info] > git rev-parse --show-toplevel [2ms]
2025-09-26 22:41:47.477 [info] fatal: not a git repository (or any of the parent directories): .git
2025-09-26 22:41:49.283 [info] > git rev-parse --show-toplevel [4ms]
2025-09-26 22:41:49.283 [info] fatal: not a git repository (or any of the parent directories): .git
